# JRE version: Java(TM) SE Runtime Environment (8.0_162-b12) (build 1.8.0_162-b12)
# Java VM: Java HotSpot(TM) 64-Bit Server VM (25.162-b12 mixed mode windows-amd64 compressed oops)
Heap:
 PSYoungGen      total 223232K, used 57037K [0x00000000eb200000, 0x00000000fad00000, 0x0000000100000000)
  eden space 214528K, 22% used [0x00000000eb200000,0x00000000ee15b598,0x00000000f8380000)
  from space 8704K, 98% used [0x00000000fa480000,0x00000000facd81c0,0x00000000fad00000)
  to   space 16896K, 0% used [0x00000000f8c00000,0x00000000f8c00000,0x00000000f9c80000)
 ParOldGen       total 91136K, used 39452K [0x00000000c1600000, 0x00000000c6f00000, 0x00000000eb200000)
  object space 91136K, 43% used [0x00000000c1600000,0x00000000c3c87290,0x00000000c6f00000)
 Metaspace       used 69708K, capacity 72696K, committed 72832K, reserved 1112064K
  class space    used 8980K, capacity 9514K, committed 9600K, reserved 1048576K
GC Heap History (10 events):
Event: 6822.942 GC heap before
{Heap before GC invocations=43 (full 7):
 PSYoungGen      total 259072K, used 240128K [0x00000000eb200000, 0x00000000fc400000, 0x0000000100000000)
  eden space 240128K, 100% used [0x00000000eb200000,0x00000000f9c80000,0x00000000f9c80000)
  from space 18944K, 0% used [0x00000000f9c80000,0x00000000f9c80000,0x00000000faf00000)
  to   space 18432K, 0% used [0x00000000fb200000,0x00000000fb200000,0x00000000fc400000)
 ParOldGen       total 91136K, used 39420K [0x00000000c1600000, 0x00000000c6f00000, 0x00000000eb200000)
  object space 91136K, 43% used [0x00000000c1600000,0x00000000c3c7f290,0x00000000c6f00000)
 Metaspace       used 69536K, capacity 72526K, committed 72832K, reserved 1112064K
  class space    used 8967K, capacity 9507K, committed 9600K, reserved 1048576K
Event: 6822.973 GC heap after
Heap after GC invocations=43 (full 7):
 PSYoungGen      total 262144K, used 9234K [0x00000000eb200000, 0x00000000fc580000, 0x0000000100000000)
  eden space 243712K, 0% used [0x00000000eb200000,0x00000000eb200000,0x00000000fa000000)
  from space 18432K, 50% used [0x00000000fb200000,0x00000000fbb04ad0,0x00000000fc400000)
  to   space 18432K, 0% used [0x00000000fa000000,0x00000000fa000000,0x00000000fb200000)
 ParOldGen       total 91136K, used 39428K [0x00000000c1600000, 0x00000000c6f00000, 0x00000000eb200000)
  object space 91136K, 43% used [0x00000000c1600000,0x00000000c3c81290,0x00000000c6f00000)
 Metaspace       used 69536K, capacity 72526K, committed 72832K, reserved 1112064K
  class space    used 8967K, capacity 9507K, committed 9600K, reserved 1048576K
}
Event: 7016.518 GC heap before
{Heap before GC invocations=44 (full 7):
 PSYoungGen      total 262144K, used 252946K [0x00000000eb200000, 0x00000000fc580000, 0x0000000100000000)
  eden space 243712K, 100% used [0x00000000eb200000,0x00000000fa000000,0x00000000fa000000)
  from space 18432K, 50% used [0x00000000fb200000,0x00000000fbb04ad0,0x00000000fc400000)
  to   space 18432K, 0% used [0x00000000fa000000,0x00000000fa000000,0x00000000fb200000)
 ParOldGen       total 91136K, used 39428K [0x00000000c1600000, 0x00000000c6f00000, 0x00000000eb200000)
  object space 91136K, 43% used [0x00000000c1600000,0x00000000c3c81290,0x00000000c6f00000)
 Metaspace       used 69707K, capacity 72696K, committed 72832K, reserved 1112064K
  class space    used 8980K, capacity 9514K, committed 9600K, reserved 1048576K
Event: 7016.588 GC heap after
Heap after GC invocations=44 (full 7):
 PSYoungGen      total 262144K, used 8672K [0x00000000eb200000, 0x00000000fc680000, 0x0000000100000000)
  eden space 243712K, 0% used [0x00000000eb200000,0x00000000eb200000,0x00000000fa000000)
  from space 18432K, 47% used [0x00000000fa000000,0x00000000fa878120,0x00000000fb200000)
  to   space 17920K, 0% used [0x00000000fb500000,0x00000000fb500000,0x00000000fc680000)
 ParOldGen       total 91136K, used 39436K [0x00000000c1600000, 0x00000000c6f00000, 0x00000000eb200000)
  object space 91136K, 43% used [0x00000000c1600000,0x00000000c3c83290,0x00000000c6f00000)
 Metaspace       used 69707K, capacity 72696K, committed 72832K, reserved 1112064K
  class space    used 8980K, capacity 9514K, committed 9600K, reserved 1048576K
}
Event: 7647.218 GC heap before
{Heap before GC invocations=45 (full 7):
 PSYoungGen      total 262144K, used 252384K [0x00000000eb200000, 0x00000000fc680000, 0x0000000100000000)
  eden space 243712K, 100% used [0x00000000eb200000,0x00000000fa000000,0x00000000fa000000)
  from space 18432K, 47% used [0x00000000fa000000,0x00000000fa878120,0x00000000fb200000)
  to   space 17920K, 0% used [0x00000000fb500000,0x00000000fb500000,0x00000000fc680000)
 ParOldGen       total 91136K, used 39436K [0x00000000c1600000, 0x00000000c6f00000, 0x00000000eb200000)
  object space 91136K, 43% used [0x00000000c1600000,0x00000000c3c83290,0x00000000c6f00000)
 Metaspace       used 69707K, capacity 72696K, committed 72832K, reserved 1112064K
  class space    used 8980K, capacity 9514K, committed 9600K, reserved 1048576K
Event: 7647.263 GC heap after
Heap after GC invocations=45 (full 7):
 PSYoungGen      total 242176K, used 8626K [0x00000000eb200000, 0x00000000fbd80000, 0x0000000100000000)
  eden space 233472K, 0% used [0x00000000eb200000,0x00000000eb200000,0x00000000f9600000)
  from space 8704K, 99% used [0x00000000fb500000,0x00000000fbd6cad8,0x00000000fbd80000)
  to   space 17408K, 0% used [0x00000000f9b80000,0x00000000f9b80000,0x00000000fac80000)
 ParOldGen       total 91136K, used 39444K [0x00000000c1600000, 0x00000000c6f00000, 0x00000000eb200000)
  object space 91136K, 43% used [0x00000000c1600000,0x00000000c3c85290,0x00000000c6f00000)
 Metaspace       used 69707K, capacity 72696K, committed 72832K, reserved 1112064K
  class space    used 8980K, capacity 9514K, committed 9600K, reserved 1048576K
}
Event: 8253.155 GC heap before
{Heap before GC invocations=46 (full 7):
 PSYoungGen      total 242176K, used 242098K [0x00000000eb200000, 0x00000000fbd80000, 0x0000000100000000)
  eden space 233472K, 100% used [0x00000000eb200000,0x00000000f9600000,0x00000000f9600000)
  from space 8704K, 99% used [0x00000000fb500000,0x00000000fbd6cad8,0x00000000fbd80000)
  to   space 17408K, 0% used [0x00000000f9b80000,0x00000000f9b80000,0x00000000fac80000)
 ParOldGen       total 91136K, used 39444K [0x00000000c1600000, 0x00000000c6f00000, 0x00000000eb200000)
  object space 91136K, 43% used [0x00000000c1600000,0x00000000c3c85290,0x00000000c6f00000)
 Metaspace       used 69707K, capacity 72696K, committed 72832K, reserved 1112064K
  class space    used 8980K, capacity 9514K, committed 9600K, reserved 1048576K
Event: 8253.196 GC heap after
Heap after GC invocations=46 (full 7):
 PSYoungGen      total 232448K, used 8594K [0x00000000eb200000, 0x00000000fb580000, 0x0000000100000000)
  eden space 223744K, 0% used [0x00000000eb200000,0x00000000eb200000,0x00000000f8c80000)
  from space 8704K, 98% used [0x00000000f9b80000,0x00000000fa3e4ad8,0x00000000fa400000)
  to   space 17408K, 0% used [0x00000000fa480000,0x00000000fa480000,0x00000000fb580000)
 ParOldGen       total 91136K, used 39444K [0x00000000c1600000, 0x00000000c6f00000, 0x00000000eb200000)
  object space 91136K, 43% used [0x00000000c1600000,0x00000000c3c85290,0x00000000c6f00000)
 Metaspace       used 69707K, capacity 72696K, committed 72832K, reserved 1112064K
  class space    used 8980K, capacity 9514K, committed 9600K, reserved 1048576K
}
Event: 8825.284 GC heap before
{Heap before GC invocations=47 (full 7):
 PSYoungGen      total 232448K, used 232338K [0x00000000eb200000, 0x00000000fb580000, 0x0000000100000000)
  eden space 223744K, 100% used [0x00000000eb200000,0x00000000f8c80000,0x00000000f8c80000)
  from space 8704K, 98% used [0x00000000f9b80000,0x00000000fa3e4ad8,0x00000000fa400000)
  to   space 17408K, 0% used [0x00000000fa480000,0x00000000fa480000,0x00000000fb580000)
 ParOldGen       total 91136K, used 39444K [0x00000000c1600000, 0x00000000c6f00000, 0x00000000eb200000)
  object space 91136K, 43% used [0x00000000c1600000,0x00000000c3c85290,0x00000000c6f00000)
 Metaspace       used 69707K, capacity 72696K, committed 72832K, reserved 1112064K
  class space    used 8980K, capacity 9514K, committed 9600K, reserved 1048576K
Event: 8825.321 GC heap after
Heap after GC invocations=47 (full 7):
 PSYoungGen      total 223232K, used 8544K [0x00000000eb200000, 0x00000000fad00000, 0x0000000100000000)
  eden space 214528K, 0% used [0x00000000eb200000,0x00000000eb200000,0x00000000f8380000)
  from space 8704K, 98% used [0x00000000fa480000,0x00000000facd81c0,0x00000000fad00000)
  to   space 16896K, 0% used [0x00000000f8c00000,0x00000000f8c00000,0x00000000f9c80000)
 ParOldGen       total 91136K, used 39452K [0x00000000c1600000, 0x00000000c6f00000, 0x00000000eb200000)
  object space 91136K, 43% used [0x00000000c1600000,0x00000000c3c87290,0x00000000c6f00000)
 Metaspace       used 69707K, capacity 72696K, committed 72832K, reserved 1112064K
  class space    used 8980K, capacity 9514K, committed 9600K, reserved 1048576K
}

